<?xml version="1.0" encoding="UTF-8"?>
<!-- Generated by org.testng.reporters.JUnitReportReporter -->
<testsuite hostname="CPC-debas-HPLU6" failures="0" tests="10" name="sweetshop.tests.YourBasketPageTest" time="9.704" errors="1" timestamp="2024-07-22T11:25:23 IST" skipped="0">
  <testcase classname="sweetshop.tests.YourBasketPageTest" name="getBasketCountTest" time="1.666"/>
  <system-out/>
  <testcase classname="sweetshop.tests.YourBasketPageTest" name="dismissEmptyBasketAlertTest" time="1.623"/>
  <system-out/>
  <testcase classname="sweetshop.tests.YourBasketPageTest" name="getCheckOrderTextTest" time="0.511"/>
  <system-out/>
  <testcase classname="sweetshop.tests.YourBasketPageTest" name="emptyBasketAlertTextTest" time="1.608"/>
  <system-out/>
  <testcase classname="sweetshop.tests.YourBasketPageTest" name="isBillingAdressHeaderAvailableTest" time="0.560"/>
  <system-out/>
  <testcase classname="sweetshop.tests.YourBasketPageTest" name="isYourBasketHeaderAvailableTest" time="0.606"/>
  <system-out/>
  <testcase classname="sweetshop.tests.YourBasketPageTest" name="getItemsMapData" time="0.002">
    <error message="
[public void sweetshop.tests.YourBasketPageTest.getItemsMapData(java.lang.String)] has no parameters defined but was found to be using a data provider (either explicitly specified or inherited from class level annotation).
Data provider mismatch
Method: getItemsMapData([Parameter{index=0, type=java.lang.String, declaredAnnotations=[]}])
Arguments: [(java.lang.String) Chocolate Cups,(java.lang.Double) 1.0,(java.lang.Integer) 1]" type="org.testng.internal.reflect.MethodMatcherException">
      <![CDATA[org.testng.internal.reflect.MethodMatcherException: 
[public void sweetshop.tests.YourBasketPageTest.getItemsMapData(java.lang.String)] has no parameters defined but was found to be using a data provider (either explicitly specified or inherited from class level annotation).
Data provider mismatch
Method: getItemsMapData([Parameter{index=0, type=java.lang.String, declaredAnnotations=[]}])
Arguments: [(java.lang.String) Chocolate Cups,(java.lang.Double) 1.0,(java.lang.Integer) 1]
at org.testng.internal.reflect.DataProviderMethodMatcher.getConformingArguments(DataProviderMethodMatcher.java:43)
at org.testng.internal.Parameters.injectParameters(Parameters.java:914)
at org.testng.internal.MethodRunner.runInSequence(MethodRunner.java:34)
at org.testng.internal.TestInvoker$MethodInvocationAgent.invoke(TestInvoker.java:824)
at org.testng.internal.TestInvoker.invokeTestMethods(TestInvoker.java:146)
at org.testng.internal.TestMethodWorker.invokeTestMethods(TestMethodWorker.java:146)
at org.testng.internal.TestMethodWorker.run(TestMethodWorker.java:128)
at java.base/java.util.ArrayList.forEach(ArrayList.java:1596)
at org.testng.TestRunner.privateRun(TestRunner.java:794)
at org.testng.TestRunner.run(TestRunner.java:596)
at org.testng.SuiteRunner.runTest(SuiteRunner.java:377)
at org.testng.SuiteRunner.access$000(SuiteRunner.java:28)
at org.testng.SuiteRunner$SuiteWorker.run(SuiteRunner.java:418)
at org.testng.internal.thread.ThreadUtil.lambda$execute$0(ThreadUtil.java:64)
at java.base/java.util.concurrent.FutureTask.run(FutureTask.java:317)
at java.base/java.util.concurrent.ThreadPoolExecutor.runWorker(ThreadPoolExecutor.java:1144)
at java.base/java.util.concurrent.ThreadPoolExecutor$Worker.run(ThreadPoolExecutor.java:642)
at java.base/java.lang.Thread.run(Thread.java:1583)
]]>
    </error>
  </testcase> <!-- getItemsMapData -->
  <system-out/>
  <testcase classname="sweetshop.tests.YourBasketPageTest" name="addToBasketTest" time="0.966"/>
  <system-out/>
  <testcase classname="sweetshop.tests.YourBasketPageTest" name="getPageHeaderTest" time="0.509"/>
  <system-out/>
  <testcase classname="sweetshop.tests.YourBasketPageTest" name="emptyBasketTest" time="1.653"/>
  <system-out/>
</testsuite> <!-- sweetshop.tests.YourBasketPageTest -->
